<?xml version="1.0" encoding="UTF-8"?>
<testsuite xmlns:xsi="http://www.w3.org/2001/XMLSchema-instance" xsi:noNamespaceSchemaLocation="https://maven.apache.org/surefire/maven-surefire-plugin/xsd/surefire-test-report-3.0.xsd" version="3.0" name="org.atlanmod.commons.primitive.StringsTest" time="0.226" tests="5" errors="0" skipped="0" failures="0">
  <properties>
[...]
</properties>
  <testcase name="testToBytes" classname="org.atlanmod.commons.primitive.StringsTest" time="0.07">
    <system-err><![CDATA[[INFO] 
[INFO] --- Running: testToBytes
[INFO] --- PASS [0 / 24 MB]
[INFO] 
]]></system-err>
  </testcase>
  <testcase name="testNullToEmpty" classname="org.atlanmod.commons.primitive.StringsTest" time="0.038">
    <system-err><![CDATA[[INFO] 
[INFO] --- Running: testNullToEmpty
[INFO] --- PASS [0 / 24 MB]
[INFO] 
]]></system-err>
  </testcase>
  <testcase name="testIsBinary" classname="org.atlanmod.commons.primitive.StringsTest" time="0.033">
    <system-err><![CDATA[[INFO] 
[INFO] --- Running: testIsBinary
[INFO] --- PASS [0 / 24 MB]
[INFO] 
]]></system-err>
  </testcase>
  <testcase name="testEmptyToNull" classname="org.atlanmod.commons.primitive.StringsTest" time="0.034">
    <system-err><![CDATA[[INFO] 
[INFO] --- Running: testEmptyToNull
[INFO] --- PASS [0 / 24 MB]
[INFO] 
]]></system-err>
  </testcase>
  <testcase name="testIsNullOrEmpty" classname="org.atlanmod.commons.primitive.StringsTest" time="0.045">
    <system-err><![CDATA[[INFO] 
[INFO] --- Running: testIsNullOrEmpty
[INFO] --- PASS [0 / 24 MB]
[INFO] 
]]></system-err>
  </testcase>
</testsuite>