<?xml version="1.0" encoding="UTF-8"?>
<testsuite xmlns:xsi="http://www.w3.org/2001/XMLSchema-instance" xsi:noNamespaceSchemaLocation="https://maven.apache.org/surefire/maven-surefire-plugin/xsd/surefire-test-report-3.0.xsd" version="3.0" name="org.atlanmod.testing.AssertionsTest" time="0.188" tests="21" errors="0" skipped="0" failures="0">
  <properties>
[...]
</properties>
  <testcase name="assertingAFalseExpressionIsTrueRaises_AssertionError" classname="org.atlanmod.testing.AssertionsTest" time="0.051"/>
  <testcase name="asserting_10_IsGreaterThanOrEqualTo_11_Raises_AssertionError" classname="org.atlanmod.testing.AssertionsTest" time="0.006"/>
  <testcase name="assertingATrueExpressionIsFalseRaises_AssertionError" classname="org.atlanmod.testing.AssertionsTest" time="0.003"/>
  <testcase name="asserting_10L_IsGreaterThan_10L_Raises_AssertionError" classname="org.atlanmod.testing.AssertionsTest" time="0.005"/>
  <testcase name="asserting_10_IsGreaterThan_10_Raises_AssertionError" classname="org.atlanmod.testing.AssertionsTest" time="0.003"/>
  <testcase name="asserting_10_IsLessThan_10_Raises_AssertionError" classname="org.atlanmod.testing.AssertionsTest" time="0.003"/>
  <testcase name="asserting_10L_IsEqualTo_11L_Raises_AssertionError" classname="org.atlanmod.testing.AssertionsTest" time="0.004"/>
  <testcase name="asserting_10L_IsDifferentFrom_10L_Raises_AssertionError" classname="org.atlanmod.testing.AssertionsTest" time="0.004"/>
  <testcase name="asserting_10_IsEqualTo_11_Raises_AssertionError" classname="org.atlanmod.testing.AssertionsTest" time="0.003"/>
  <testcase name="assertingOneLongIsZeroRaises_AssertionError" classname="org.atlanmod.testing.AssertionsTest" time="0.003"/>
  <testcase name="assertingOneIsZeroRaises_AssertionError" classname="org.atlanmod.testing.AssertionsTest" time="0.003"/>
  <testcase name="asserting_10L_IsLessThanOrEqualTo_9L_Raises_AssertionError" classname="org.atlanmod.testing.AssertionsTest" time="0.003"/>
  <testcase name="asserting_10L_IsGreaterThanOrEqualTo_11L_Raises_AssertionError" classname="org.atlanmod.testing.AssertionsTest" time="0.004"/>
  <testcase name="asserting_10L_IsLessThan_10_Raises_AssertionError" classname="org.atlanmod.testing.AssertionsTest" time="0.003"/>
  <testcase name="asserting_11_IsBetween_0_and_10_Raises_AssertionError" classname="org.atlanmod.testing.AssertionsTest" time="0.003"/>
  <testcase name="correctLongAssertions_Raise_Nothing" classname="org.atlanmod.testing.AssertionsTest" time="0.002"/>
  <testcase name="correctBooleanAssertions_Raise_Nothing" classname="org.atlanmod.testing.AssertionsTest" time="0.002"/>
  <testcase name="asserting_11L_IsBetween_0_and_10_Raises_AssertionError" classname="org.atlanmod.testing.AssertionsTest" time="0.003"/>
  <testcase name="asserting_10_IsLessThanOrEqualTo_9_Raises_AssertionError" classname="org.atlanmod.testing.AssertionsTest" time="0.003"/>
  <testcase name="correctIntAssertions_Raise_Nothing" classname="org.atlanmod.testing.AssertionsTest" time="0.001"/>
  <testcase name="asserting_10_IsDifferentFrom_10_Raises_AssertionError" classname="org.atlanmod.testing.AssertionsTest" time="0.004"/>
</testsuite>